<?xml version="1.0" encoding="UTF-8"?>
<!-- Generated by org.testng.reporters.JUnitXMLReporter -->
<testsuite hostname="SHI58495EU1075F" name="Test" tests="1" failures="0" timestamp="21 Feb 2018 05:22:52 GMT" time="0.023" errors="0">
  <testcase name="@BeforeClass setUp" time="0.0" classname="com.amazon.test.TC_001_AmazonProdCheckoutTest">
    <failure type="java.lang.NullPointerException">
      <![CDATA[java.lang.NullPointerException
	at com.common.utils.DataReader.getConfigData(DataReader.java:26)
	at com.common.utils.ParentTest.setUp(ParentTest.java:173)
	at org.apache.maven.surefire.testng.TestNGExecutor.run(TestNGExecutor.java:281)
	at org.apache.maven.surefire.testng.TestNGXmlTestSuite.execute(TestNGXmlTestSuite.java:75)
	at org.apache.maven.surefire.testng.TestNGProvider.invoke(TestNGProvider.java:121)
	at org.apache.maven.surefire.booter.ForkedBooter.invokeProviderInSameClassLoader(ForkedBooter.java:290)
	at org.apache.maven.surefire.booter.ForkedBooter.runSuitesInProcess(ForkedBooter.java:242)
	at org.apache.maven.surefire.booter.ForkedBooter.main(ForkedBooter.java:121)
... Removed 21 stack frames]]>
    </failure>
  </testcase> <!-- @BeforeClass setUp -->
  <testcase name="@AfterClass tearDown" time="0.0" classname="com.amazon.test.TC_001_AmazonProdCheckoutTest">
    <skipped/>
  </testcase> <!-- @AfterClass tearDown -->
  <testcase name="amazonTest" time="0.001" classname="com.amazon.test.TC_001_AmazonProdCheckoutTest">
    <skipped/>
  </testcase> <!-- amazonTest -->
</testsuite> <!-- Test -->
