<?xml version="1.0" encoding="UTF-8"?>
<testsuite xmlns:xsi="http://www.w3.org/2001/XMLSchema-instance" xsi:schemaLocation="https://maven.apache.org/surefire/maven-surefire-plugin/xsd/surefire-test-report.xsd" name="TestSuite" time="0.813" tests="4" errors="0" skipped="3" failures="1">
  <properties>
[...]
</properties>
  <testcase name="setUp" classname="com.amazon.test.TC_001_AmazonProdCheckoutTest" time="0.548">
    <failure type="java.lang.NullPointerException">java.lang.NullPointerException
</failure>
    <system-out><![CDATA[In Before Suite
In before class
C:\Users\vshar10\training\AppTest\Config.properties (The system cannot find the file specified)
]]></system-out>
  </testcase>
  <testcase name="amazonTest" classname="com.amazon.test.TC_001_AmazonProdCheckoutTest" time="0">
    <skipped/>
  </testcase>
  <testcase name="tearDown" classname="com.amazon.test.TC_001_AmazonProdCheckoutTest" time="0">
    <skipped/>
  </testcase>
  <testcase name="afterSuite" classname="com.amazon.test.TC_001_AmazonProdCheckoutTest" time="0">
    <skipped/>
  </testcase>
</testsuite>