<?xml version="1.0" encoding="UTF-8"?>
<testng-results skipped="1" failed="0" total="1" passed="0">
  <reporter-output>
  </reporter-output>
  <suite name="Suite" duration-ms="23" started-at="2018-02-21T05:22:52Z" finished-at="2018-02-21T05:22:52Z">
    <groups>
    </groups>
    <test name="Test" duration-ms="23" started-at="2018-02-21T05:22:52Z" finished-at="2018-02-21T05:22:52Z">
      <class name="com.amazon.test.TC_001_AmazonProdCheckoutTest">
        <test-method status="PASS" signature="beforeSuite()[pri:0, instance:com.amazon.test.TC_001_AmazonProdCheckoutTest@8bc3d5]" name="beforeSuite" is-config="true" duration-ms="9" started-at="2018-02-21T10:52:52Z" finished-at="2018-02-21T10:52:52Z">
          <reporter-output>
          </reporter-output>
        </test-method> <!-- beforeSuite -->
        <test-method status="FAIL" signature="setUp()[pri:0, instance:com.amazon.test.TC_001_AmazonProdCheckoutTest@8bc3d5]" name="setUp" is-config="true" duration-ms="0" started-at="2018-02-21T10:52:52Z" finished-at="2018-02-21T10:52:52Z">
          <exception class="java.lang.NullPointerException">
            <full-stacktrace>
              <![CDATA[java.lang.NullPointerException
	at com.common.utils.DataReader.getConfigData(DataReader.java:26)
	at com.common.utils.ParentTest.setUp(ParentTest.java:173)
	at sun.reflect.NativeMethodAccessorImpl.invoke0(Native Method)
	at sun.reflect.NativeMethodAccessorImpl.invoke(NativeMethodAccessorImpl.java:62)
	at sun.reflect.DelegatingMethodAccessorImpl.invoke(DelegatingMethodAccessorImpl.java:43)
	at java.lang.reflect.Method.invoke(Method.java:483)
	at org.testng.internal.MethodInvocationHelper.invokeMethod(MethodInvocationHelper.java:80)
	at org.testng.internal.Invoker.invokeConfigurationMethod(Invoker.java:564)
	at org.testng.internal.Invoker.invokeConfigurations(Invoker.java:213)
	at org.testng.internal.Invoker.invokeConfigurations(Invoker.java:138)
	at org.testng.internal.TestMethodWorker.invokeBeforeClassMethods(TestMethodWorker.java:175)
	at org.testng.internal.TestMethodWorker.run(TestMethodWorker.java:107)
	at org.testng.TestRunner.privateRun(TestRunner.java:767)
	at org.testng.TestRunner.run(TestRunner.java:617)
	at org.testng.SuiteRunner.runTest(SuiteRunner.java:334)
	at org.testng.SuiteRunner.runSequentially(SuiteRunner.java:329)
	at org.testng.SuiteRunner.privateRun(SuiteRunner.java:291)
	at org.testng.SuiteRunner.run(SuiteRunner.java:240)
	at org.testng.SuiteRunnerWorker.runSuite(SuiteRunnerWorker.java:52)
	at org.testng.SuiteRunnerWorker.run(SuiteRunnerWorker.java:86)
	at org.testng.TestNG.runSuitesSequentially(TestNG.java:1198)
	at org.testng.TestNG.runSuitesLocally(TestNG.java:1123)
	at org.testng.TestNG.run(TestNG.java:1031)
	at org.apache.maven.surefire.testng.TestNGExecutor.run(TestNGExecutor.java:281)
	at org.apache.maven.surefire.testng.TestNGXmlTestSuite.execute(TestNGXmlTestSuite.java:75)
	at org.apache.maven.surefire.testng.TestNGProvider.invoke(TestNGProvider.java:121)
	at org.apache.maven.surefire.booter.ForkedBooter.invokeProviderInSameClassLoader(ForkedBooter.java:290)
	at org.apache.maven.surefire.booter.ForkedBooter.runSuitesInProcess(ForkedBooter.java:242)
	at org.apache.maven.surefire.booter.ForkedBooter.main(ForkedBooter.java:121)
]]>
            </full-stacktrace>
          </exception> <!-- java.lang.NullPointerException -->
          <reporter-output>
          </reporter-output>
        </test-method> <!-- setUp -->
        <test-method status="SKIP" signature="amazonTest()[pri:0, instance:com.amazon.test.TC_001_AmazonProdCheckoutTest@8bc3d5]" name="amazonTest" duration-ms="1" started-at="2018-02-21T10:52:52Z" finished-at="2018-02-21T10:52:52Z">
          <reporter-output>
          </reporter-output>
        </test-method> <!-- amazonTest -->
        <test-method status="SKIP" signature="tearDown()[pri:0, instance:com.amazon.test.TC_001_AmazonProdCheckoutTest@8bc3d5]" name="tearDown" is-config="true" duration-ms="0" started-at="2018-02-21T10:52:52Z" finished-at="2018-02-21T10:52:52Z">
          <reporter-output>
          </reporter-output>
        </test-method> <!-- tearDown -->
        <test-method status="SKIP" signature="afterSuite()[pri:0, instance:com.amazon.test.TC_001_AmazonProdCheckoutTest@8bc3d5]" name="afterSuite" is-config="true" duration-ms="0" started-at="2018-02-21T10:52:52Z" finished-at="2018-02-21T10:52:52Z">
          <reporter-output>
          </reporter-output>
        </test-method> <!-- afterSuite -->
      </class> <!-- com.amazon.test.TC_001_AmazonProdCheckoutTest -->
    </test> <!-- Test -->
  </suite> <!-- Suite -->
</testng-results>
