<?xml version="1.0" encoding="UTF-8"?>
<testng-results skipped="0" failed="1" ignored="0" total="1" passed="0">
  <reporter-output>
    <line>
      <![CDATA[STEP1]]>
    </line>
    <line>
      <![CDATA[STEP2]]>
    </line>
    <line>
      <![CDATA[STEP3]]>
    </line>
    <line>
      <![CDATA[STEP4]]>
    </line>
    <line>
      <![CDATA[STEP5]]>
    </line>
    <line>
      <![CDATA[STEP6]]>
    </line>
    <line>
      <![CDATA[STEP7]]>
    </line>
  </reporter-output>
  <suite name="Default suite" duration-ms="42364" started-at="2018-03-01T08:38:00Z" finished-at="2018-03-01T08:38:42Z">
    <groups>
    </groups>
    <test name="Default test" duration-ms="42364" started-at="2018-03-01T08:38:00Z" finished-at="2018-03-01T08:38:42Z">
      <class name="com.amazon.test.TC_002_AmazonLoginLogoutTest">
        <test-method status="PASS" signature="beforeSuite()[pri:0, instance:com.amazon.test.TC_002_AmazonLoginLogoutTest@28feb3fa]" name="beforeSuite" is-config="true" duration-ms="12" started-at="2018-03-01T14:08:00Z" finished-at="2018-03-01T14:08:00Z">
          <reporter-output>
          </reporter-output>
        </test-method> <!-- beforeSuite -->
        <test-method status="PASS" signature="setUp()[pri:0, instance:com.amazon.test.TC_002_AmazonLoginLogoutTest@28feb3fa]" name="setUp" is-config="true" duration-ms="33381" started-at="2018-03-01T14:08:00Z" finished-at="2018-03-01T14:08:33Z">
          <reporter-output>
            <line>
              <![CDATA[STEP1]]>
            </line>
          </reporter-output>
        </test-method> <!-- setUp -->
        <test-method status="FAIL" signature="loginLogoutTest()[pri:0, instance:com.amazon.test.TC_002_AmazonLoginLogoutTest@28feb3fa]" name="loginLogoutTest" duration-ms="8953" started-at="2018-03-01T14:08:33Z" finished-at="2018-03-01T14:08:42Z">
          <exception class="atu.testng.reports.exceptions.ATUReporterStepFailedException">
            <full-stacktrace>
              <![CDATA[[ATU Custom Reporter Step Failed Exception]
	at atu.testng.reports.ATUReports.stepFailureHandler(Unknown Source)
	at atu.testng.reports.ATUReports.add(Unknown Source)
	at com.amazon.test.TC_002_AmazonLoginLogoutTest.loginLogoutTest(TC_002_AmazonLoginLogoutTest.java:47)
	at sun.reflect.NativeMethodAccessorImpl.invoke0(Native Method)
	at sun.reflect.NativeMethodAccessorImpl.invoke(NativeMethodAccessorImpl.java:62)
	at sun.reflect.DelegatingMethodAccessorImpl.invoke(DelegatingMethodAccessorImpl.java:43)
	at java.lang.reflect.Method.invoke(Method.java:498)
	at org.testng.internal.MethodInvocationHelper.invokeMethod(MethodInvocationHelper.java:108)
	at org.testng.internal.Invoker.invokeMethod(Invoker.java:661)
	at org.testng.internal.Invoker.invokeTestMethod(Invoker.java:869)
	at org.testng.internal.Invoker.invokeTestMethods(Invoker.java:1193)
	at org.testng.internal.TestMethodWorker.invokeTestMethods(TestMethodWorker.java:126)
	at org.testng.internal.TestMethodWorker.run(TestMethodWorker.java:109)
	at org.testng.TestRunner.privateRun(TestRunner.java:744)
	at org.testng.TestRunner.run(TestRunner.java:602)
	at org.testng.SuiteRunner.runTest(SuiteRunner.java:380)
	at org.testng.SuiteRunner.runSequentially(SuiteRunner.java:375)
	at org.testng.SuiteRunner.privateRun(SuiteRunner.java:340)
	at org.testng.SuiteRunner.run(SuiteRunner.java:289)
	at org.testng.SuiteRunnerWorker.runSuite(SuiteRunnerWorker.java:52)
	at org.testng.SuiteRunnerWorker.run(SuiteRunnerWorker.java:86)
	at org.testng.TestNG.runSuitesSequentially(TestNG.java:1301)
	at org.testng.TestNG.runSuitesLocally(TestNG.java:1226)
	at org.testng.TestNG.runSuites(TestNG.java:1144)
	at org.testng.TestNG.run(TestNG.java:1115)
	at org.testng.remote.AbstractRemoteTestNG.run(AbstractRemoteTestNG.java:114)
	at org.testng.remote.RemoteTestNG.initAndRun(RemoteTestNG.java:251)
	at org.testng.remote.RemoteTestNG.main(RemoteTestNG.java:77)
]]>
            </full-stacktrace>
          </exception> <!-- atu.testng.reports.exceptions.ATUReporterStepFailedException -->
          <reporter-output>
            <line>
              <![CDATA[STEP2]]>
            </line>
            <line>
              <![CDATA[STEP3]]>
            </line>
            <line>
              <![CDATA[STEP4]]>
            </line>
            <line>
              <![CDATA[STEP5]]>
            </line>
            <line>
              <![CDATA[STEP6]]>
            </line>
            <line>
              <![CDATA[STEP7]]>
            </line>
          </reporter-output>
        </test-method> <!-- loginLogoutTest -->
        <test-method status="PASS" signature="tearDown()[pri:0, instance:com.amazon.test.TC_002_AmazonLoginLogoutTest@28feb3fa]" name="tearDown" is-config="true" duration-ms="1" started-at="2018-03-01T14:08:42Z" finished-at="2018-03-01T14:08:42Z">
          <reporter-output>
          </reporter-output>
        </test-method> <!-- tearDown -->
        <test-method status="PASS" signature="afterSuite()[pri:0, instance:com.amazon.test.TC_002_AmazonLoginLogoutTest@28feb3fa]" name="afterSuite" is-config="true" duration-ms="1" started-at="2018-03-01T14:08:42Z" finished-at="2018-03-01T14:08:42Z">
          <reporter-output>
          </reporter-output>
        </test-method> <!-- afterSuite -->
      </class> <!-- com.amazon.test.TC_002_AmazonLoginLogoutTest -->
    </test> <!-- Default test -->
  </suite> <!-- Default suite -->
</testng-results>
